2022-11-04T14:14:51.454758Z 0 [Warning] TIMESTAMP with implicit DEFAULT value is deprecated. Please use --explicit_defaults_for_timestamp server option (see documentation for more details).
2022-11-04T14:14:51.454758Z 0 [Warning] 'NO_ZERO_DATE', 'NO_ZERO_IN_DATE' and 'ERROR_FOR_DIVISION_BY_ZERO' sql modes should be used with strict mode. They will be merged with strict mode in a future release.
2022-11-04T14:14:51.454758Z 0 [Warning] 'NO_AUTO_CREATE_USER' sql mode was not set.
2022-11-04T14:14:51.454758Z 0 [Warning] Insecure configuration for --secure-file-priv: Current value does not restrict location of generated files. Consider setting it to a valid, non-empty path.
2022-11-04T14:14:51.454758Z 0 [ERROR] Cannot open Windows EventLog; check privileges, or start server with --log_syslog=0
2022-11-04T14:14:51.454758Z 0 [Note] C:\UwAmp\bin\database\mysql-5.7.11\bin\mysqld.exe (mysqld 5.7.11) starting as process 11000 ...
2022-11-04T14:14:51.464253Z 0 [ERROR] Can't open shared library 'C:\UwAmp\bin\database\mysql-5.7.11\lib\plugin\keyring_file.dll' (errno: 126 Le module spécifié est introuvable.)
2022-11-04T14:14:51.465250Z 0 [ERROR] Couldn't load plugin named 'keyring_file' with soname 'keyring_file.dll'.
2022-11-04T14:14:51.466248Z 0 [Note] InnoDB: Mutexes and rw_locks use Windows interlocked functions
2022-11-04T14:14:51.466248Z 0 [Note] InnoDB: Uses event mutexes
2022-11-04T14:14:51.466248Z 0 [Note] InnoDB: Memory barrier is not used
2022-11-04T14:14:51.466248Z 0 [Note] InnoDB: Compressed tables use zlib 1.2.3
2022-11-04T14:14:51.467245Z 0 [Note] InnoDB: Number of pools: 1
2022-11-04T14:14:51.467245Z 0 [Note] InnoDB: Not using CPU crc32 instructions
2022-11-04T14:14:51.498706Z 0 [Note] InnoDB: Initializing buffer pool, total size = 128M, instances = 1, chunk size = 128M
2022-11-04T14:14:51.504214Z 0 [Note] InnoDB: Completed initialization of buffer pool
2022-11-04T14:14:51.529682Z 0 [Note] InnoDB: The first innodb_system data file 'ibdata1' did not exist. A new tablespace will be created!
2022-11-04T14:14:51.530680Z 0 [Note] InnoDB: Setting file '.\ibdata1' size to 12 MB. Physically writing the file full; Please wait ...
2022-11-04T14:14:51.557140Z 0 [Note] InnoDB: File '.\ibdata1' size is now 12 MB.
2022-11-04T14:14:51.559135Z 0 [Note] InnoDB: Setting log file .\ib_logfile101 size to 48 MB
2022-11-04T14:14:51.702956Z 0 [Note] InnoDB: Setting log file .\ib_logfile1 size to 48 MB
2022-11-04T14:14:51.839325Z 0 [Note] InnoDB: Renaming log file .\ib_logfile101 to .\ib_logfile0
2022-11-04T14:14:51.842823Z 0 [Warning] InnoDB: New log files created, LSN=45790
2022-11-04T14:14:51.843820Z 0 [Note] InnoDB: Creating shared tablespace for temporary tables
2022-11-04T14:14:51.843820Z 0 [Note] InnoDB: Setting file '.\ibtmp1' size to 12 MB. Physically writing the file full; Please wait ...
2022-11-04T14:14:51.880264Z 0 [Note] InnoDB: File '.\ibtmp1' size is now 12 MB.
2022-11-04T14:14:51.885757Z 0 [Note] InnoDB: Doublewrite buffer not found: creating new
2022-11-04T14:14:51.898244Z 0 [Note] InnoDB: Doublewrite buffer created
2022-11-04T14:14:51.902739Z 0 [Note] InnoDB: 96 redo rollback segment(s) found. 96 redo rollback segment(s) are active.
2022-11-04T14:14:51.902739Z 0 [Note] InnoDB: 32 non-redo rollback segment(s) are active.
2022-11-04T14:14:51.903737Z 0 [Warning] InnoDB: Creating foreign key constraint system tables.
2022-11-04T14:14:51.912233Z 0 [Note] InnoDB: Foreign key constraint system tables created
2022-11-04T14:14:51.912233Z 0 [Note] InnoDB: Creating tablespace and datafile system tables.
2022-11-04T14:14:51.913230Z 0 [Note] InnoDB: Tablespace and datafile system tables created.
2022-11-04T14:14:51.914228Z 0 [Note] InnoDB: Creating sys_virtual system tables.
2022-11-04T14:14:51.914228Z 0 [Note] InnoDB: sys_virtual table created
2022-11-04T14:14:51.914228Z 0 [Note] InnoDB: Waiting for purge to start
2022-11-04T14:14:51.970162Z 0 [Note] InnoDB: 5.7.11 started; log sequence number 0
2022-11-04T14:14:51.970665Z 0 [Note] Plugin 'FEDERATED' is disabled.
mysqld: Table 'mysql.plugin' doesn't exist
2022-11-04T14:14:51.970665Z 0 [ERROR] Can't open the mysql.plugin table. Please run mysql_upgrade to create it.
2022-11-04T14:14:51.971665Z 0 [Note] Salting uuid generator variables, current_pid: 11000, server_start_time: 1667571291, bytes_sent: 0, 
2022-11-04T14:14:51.976653Z 0 [Note] Generated uuid: '0c76a8ff-5c4b-11ed-8360-02505a3cc9c3', server_start_time: 1667582291, bytes_sent: 482622480
2022-11-04T14:14:51.976653Z 0 [Warning] No existing UUID has been found, so we assume that this is the first time that this server has been started. Generating a new UUID: 0c76a8ff-5c4b-11ed-8360-02505a3cc9c3.
2022-11-04T14:14:51.978648Z 0 [Warning] Gtid table is not ready to be used. Table 'mysql.gtid_executed' cannot be opened.
2022-11-04T14:14:51.978648Z 0 [Warning] Failed to set up SSL because of the following SSL library error: SSL context is not usable without certificate and private key
2022-11-04T14:14:51.981160Z 0 [Note] Server hostname (bind-address): '*'; port: 3306
2022-11-04T14:14:51.981160Z 0 [Note] IPv6 is available.
2022-11-04T14:14:51.981160Z 0 [Note]   - '::' resolves to '::';
2022-11-04T14:14:51.982159Z 0 [Note] Server socket created on IP: '::'.
2022-11-04T14:14:51.982159Z 0 [Warning] Failed to open optimizer cost constant tables

2022-11-04T14:14:51.983156Z 0 [ERROR] Fatal error: Can't open and lock privilege tables: Table 'mysql.user' doesn't exist
2022-11-04T14:14:51.985151Z 0 [ERROR] Aborting

2022-11-04T14:14:51.985151Z 0 [Note] Binlog end
2022-11-04T14:14:51.985151Z 0 [Note] Shutting down plugin 'ngram'
2022-11-04T14:14:51.985151Z 0 [Note] Shutting down plugin 'partition'
2022-11-04T14:14:51.985151Z 0 [Note] Shutting down plugin 'BLACKHOLE'
2022-11-04T14:14:51.986148Z 0 [Note] Shutting down plugin 'ARCHIVE'
2022-11-04T14:14:51.986148Z 0 [Note] Shutting down plugin 'PERFORMANCE_SCHEMA'
2022-11-04T14:14:51.987146Z 0 [Note] Shutting down plugin 'MRG_MYISAM'
2022-11-04T14:14:51.987146Z 0 [Note] Shutting down plugin 'MyISAM'
2022-11-04T14:14:51.987146Z 0 [Note] Shutting down plugin 'INNODB_SYS_VIRTUAL'
2022-11-04T14:14:51.988143Z 0 [Note] Shutting down plugin 'INNODB_SYS_DATAFILES'
2022-11-04T14:14:51.988143Z 0 [Note] Shutting down plugin 'INNODB_SYS_TABLESPACES'
2022-11-04T14:14:51.988143Z 0 [Note] Shutting down plugin 'INNODB_SYS_FOREIGN_COLS'
2022-11-04T14:14:51.989140Z 0 [Note] Shutting down plugin 'INNODB_SYS_FOREIGN'
2022-11-04T14:14:51.989140Z 0 [Note] Shutting down plugin 'INNODB_SYS_FIELDS'
2022-11-04T14:14:51.989140Z 0 [Note] Shutting down plugin 'INNODB_SYS_COLUMNS'
2022-11-04T14:14:51.989140Z 0 [Note] Shutting down plugin 'INNODB_SYS_INDEXES'
2022-11-04T14:14:51.990137Z 0 [Note] Shutting down plugin 'INNODB_SYS_TABLESTATS'
2022-11-04T14:14:51.990137Z 0 [Note] Shutting down plugin 'INNODB_SYS_TABLES'
2022-11-04T14:14:51.990640Z 0 [Note] Shutting down plugin 'INNODB_FT_INDEX_TABLE'
2022-11-04T14:14:51.990640Z 0 [Note] Shutting down plugin 'INNODB_FT_INDEX_CACHE'
2022-11-04T14:14:51.990640Z 0 [Note] Shutting down plugin 'INNODB_FT_CONFIG'
2022-11-04T14:14:51.990640Z 0 [Note] Shutting down plugin 'INNODB_FT_BEING_DELETED'
2022-11-04T14:14:51.991639Z 0 [Note] Shutting down plugin 'INNODB_FT_DELETED'
2022-11-04T14:14:51.991639Z 0 [Note] Shutting down plugin 'INNODB_FT_DEFAULT_STOPWORD'
2022-11-04T14:14:51.991639Z 0 [Note] Shutting down plugin 'INNODB_METRICS'
2022-11-04T14:14:51.991639Z 0 [Note] Shutting down plugin 'INNODB_TEMP_TABLE_INFO'
2022-11-04T14:14:51.992637Z 0 [Note] Shutting down plugin 'INNODB_BUFFER_POOL_STATS'
2022-11-04T14:14:51.992637Z 0 [Note] Shutting down plugin 'INNODB_BUFFER_PAGE_LRU'
2022-11-04T14:14:51.992637Z 0 [Note] Shutting down plugin 'INNODB_BUFFER_PAGE'
2022-11-04T14:14:51.992637Z 0 [Note] Shutting down plugin 'INNODB_CMP_PER_INDEX_RESET'
2022-11-04T14:14:51.993635Z 0 [Note] Shutting down plugin 'INNODB_CMP_PER_INDEX'
2022-11-04T14:14:51.993635Z 0 [Note] Shutting down plugin 'INNODB_CMPMEM_RESET'
2022-11-04T14:14:51.993635Z 0 [Note] Shutting down plugin 'INNODB_CMPMEM'
2022-11-04T14:14:51.994632Z 0 [Note] Shutting down plugin 'INNODB_CMP_RESET'
2022-11-04T14:14:51.994632Z 0 [Note] Shutting down plugin 'INNODB_CMP'
2022-11-04T14:14:51.994632Z 0 [Note] Shutting down plugin 'INNODB_LOCK_WAITS'
2022-11-04T14:14:51.994632Z 0 [Note] Shutting down plugin 'INNODB_LOCKS'
2022-11-04T14:14:51.995629Z 0 [Note] Shutting down plugin 'INNODB_TRX'
2022-11-04T14:14:51.995629Z 0 [Note] Shutting down plugin 'InnoDB'
2022-11-04T14:14:51.995629Z 0 [Note] InnoDB: FTS optimize thread exiting.
2022-11-04T14:14:51.995629Z 0 [Note] InnoDB: Starting shutdown...
2022-11-04T14:14:52.097000Z 0 [Note] InnoDB: Dumping buffer pool(s) to C:\UwAmp\www\EventMap\ib_buffer_pool
2022-11-04T14:14:52.097997Z 0 [Note] InnoDB: Buffer pool(s) dump completed at 221104 15:14:52
2022-11-04T14:14:53.419230Z 0 [Note] InnoDB: Shutdown completed; log sequence number 1209961
2022-11-04T14:14:53.420228Z 0 [Note] InnoDB: Removed temporary tablespace data file: "ibtmp1"
2022-11-04T14:14:53.420731Z 0 [Note] Shutting down plugin 'MEMORY'
2022-11-04T14:14:53.420731Z 0 [Note] Shutting down plugin 'CSV'
2022-11-04T14:14:53.420731Z 0 [Note] Shutting down plugin 'sha256_password'
2022-11-04T14:14:53.420731Z 0 [Note] Shutting down plugin 'mysql_native_password'
2022-11-04T14:14:53.421729Z 0 [Note] Shutting down plugin 'binlog'
2022-11-04T14:14:53.421729Z 0 [Note] C:\UwAmp\bin\database\mysql-5.7.11\bin\mysqld.exe: Shutdown complete

2022-11-04T14:15:01.688218Z 0 [Warning] TIMESTAMP with implicit DEFAULT value is deprecated. Please use --explicit_defaults_for_timestamp server option (see documentation for more details).
2022-11-04T14:15:01.688218Z 0 [Warning] 'NO_ZERO_DATE', 'NO_ZERO_IN_DATE' and 'ERROR_FOR_DIVISION_BY_ZERO' sql modes should be used with strict mode. They will be merged with strict mode in a future release.
2022-11-04T14:15:01.688218Z 0 [Warning] 'NO_AUTO_CREATE_USER' sql mode was not set.
2022-11-04T14:15:01.688218Z 0 [Warning] Insecure configuration for --secure-file-priv: Current value does not restrict location of generated files. Consider setting it to a valid, non-empty path.
2022-11-04T14:15:01.688218Z 0 [ERROR] Cannot open Windows EventLog; check privileges, or start server with --log_syslog=0
2022-11-04T14:15:01.688218Z 0 [Note] C:\UwAmp\bin\database\mysql-5.7.11\bin\mysqld.exe (mysqld 5.7.11) starting as process 13328 ...
2022-11-04T14:15:01.694708Z 0 [ERROR] Can't open shared library 'C:\UwAmp\bin\database\mysql-5.7.11\lib\plugin\keyring_file.dll' (errno: 126 Le module spécifié est introuvable.)
2022-11-04T14:15:01.694708Z 0 [ERROR] Couldn't load plugin named 'keyring_file' with soname 'keyring_file.dll'.
2022-11-04T14:15:01.695705Z 0 [Note] InnoDB: Mutexes and rw_locks use Windows interlocked functions
2022-11-04T14:15:01.695705Z 0 [Note] InnoDB: Uses event mutexes
2022-11-04T14:15:01.696702Z 0 [Note] InnoDB: Memory barrier is not used
2022-11-04T14:15:01.696702Z 0 [Note] InnoDB: Compressed tables use zlib 1.2.3
2022-11-04T14:15:01.696702Z 0 [Note] InnoDB: Number of pools: 1
2022-11-04T14:15:01.697700Z 0 [Note] InnoDB: Not using CPU crc32 instructions
2022-11-04T14:15:01.726171Z 0 [Note] InnoDB: Initializing buffer pool, total size = 128M, instances = 1, chunk size = 128M
2022-11-04T14:15:01.731662Z 0 [Note] InnoDB: Completed initialization of buffer pool
2022-11-04T14:15:01.762625Z 0 [Note] InnoDB: Highest supported file format is Barracuda.
2022-11-04T14:15:01.787582Z 0 [Note] InnoDB: Creating shared tablespace for temporary tables
2022-11-04T14:15:01.788579Z 0 [Note] InnoDB: Setting file '.\ibtmp1' size to 12 MB. Physically writing the file full; Please wait ...
2022-11-04T14:15:01.815056Z 0 [Note] InnoDB: File '.\ibtmp1' size is now 12 MB.
2022-11-04T14:15:01.821555Z 0 [Note] InnoDB: 96 redo rollback segment(s) found. 96 redo rollback segment(s) are active.
2022-11-04T14:15:01.821555Z 0 [Note] InnoDB: 32 non-redo rollback segment(s) are active.
2022-11-04T14:15:01.822552Z 0 [Note] InnoDB: Waiting for purge to start
2022-11-04T14:15:01.878456Z 0 [Note] InnoDB: 5.7.11 started; log sequence number 1209961
2022-11-04T14:15:01.878456Z 0 [Note] InnoDB: Loading buffer pool(s) from C:\UwAmp\www\EventMap\ib_buffer_pool
2022-11-04T14:15:01.878456Z 0 [Note] Plugin 'FEDERATED' is disabled.
mysqld: Table 'mysql.plugin' doesn't exist
2022-11-04T14:15:01.879956Z 0 [ERROR] Can't open the mysql.plugin table. Please run mysql_upgrade to create it.
2022-11-04T14:15:01.879956Z 0 [Note] InnoDB: Buffer pool(s) load completed at 221104 15:15:01
2022-11-04T14:15:01.879956Z 0 [Warning] Gtid table is not ready to be used. Table 'mysql.gtid_executed' cannot be opened.
2022-11-04T14:15:01.880955Z 0 [Warning] Failed to set up SSL because of the following SSL library error: SSL context is not usable without certificate and private key
2022-11-04T14:15:01.882950Z 0 [Note] Server hostname (bind-address): '*'; port: 3306
2022-11-04T14:15:01.882950Z 0 [Note] IPv6 is available.
2022-11-04T14:15:01.883948Z 0 [Note]   - '::' resolves to '::';
2022-11-04T14:15:01.883948Z 0 [Note] Server socket created on IP: '::'.
2022-11-04T14:15:01.883948Z 0 [Warning] Failed to open optimizer cost constant tables

2022-11-04T14:15:01.884945Z 0 [ERROR] Fatal error: Can't open and lock privilege tables: Table 'mysql.user' doesn't exist
2022-11-04T14:15:01.886940Z 0 [ERROR] Aborting

2022-11-04T14:15:01.886940Z 0 [Note] Binlog end
2022-11-04T14:15:01.886940Z 0 [Note] Shutting down plugin 'ngram'
2022-11-04T14:15:01.887937Z 0 [Note] Shutting down plugin 'partition'
2022-11-04T14:15:01.887937Z 0 [Note] Shutting down plugin 'BLACKHOLE'
2022-11-04T14:15:01.887937Z 0 [Note] Shutting down plugin 'ARCHIVE'
2022-11-04T14:15:01.887937Z 0 [Note] Shutting down plugin 'PERFORMANCE_SCHEMA'
2022-11-04T14:15:01.887937Z 0 [Note] Shutting down plugin 'MRG_MYISAM'
2022-11-04T14:15:01.887937Z 0 [Note] Shutting down plugin 'MyISAM'
2022-11-04T14:15:01.887937Z 0 [Note] Shutting down plugin 'INNODB_SYS_VIRTUAL'
2022-11-04T14:15:01.889442Z 0 [Note] Shutting down plugin 'INNODB_SYS_DATAFILES'
2022-11-04T14:15:01.889442Z 0 [Note] Shutting down plugin 'INNODB_SYS_TABLESPACES'
2022-11-04T14:15:01.889442Z 0 [Note] Shutting down plugin 'INNODB_SYS_FOREIGN_COLS'
2022-11-04T14:15:01.889442Z 0 [Note] Shutting down plugin 'INNODB_SYS_FOREIGN'
2022-11-04T14:15:01.890447Z 0 [Note] Shutting down plugin 'INNODB_SYS_FIELDS'
2022-11-04T14:15:01.890447Z 0 [Note] Shutting down plugin 'INNODB_SYS_COLUMNS'
2022-11-04T14:15:01.890447Z 0 [Note] Shutting down plugin 'INNODB_SYS_INDEXES'
2022-11-04T14:15:01.891445Z 0 [Note] Shutting down plugin 'INNODB_SYS_TABLESTATS'
2022-11-04T14:15:01.891445Z 0 [Note] Shutting down plugin 'INNODB_SYS_TABLES'
2022-11-04T14:15:01.891445Z 0 [Note] Shutting down plugin 'INNODB_FT_INDEX_TABLE'
2022-11-04T14:15:01.891445Z 0 [Note] Shutting down plugin 'INNODB_FT_INDEX_CACHE'
2022-11-04T14:15:01.892443Z 0 [Note] Shutting down plugin 'INNODB_FT_CONFIG'
2022-11-04T14:15:01.892443Z 0 [Note] Shutting down plugin 'INNODB_FT_BEING_DELETED'
2022-11-04T14:15:01.892443Z 0 [Note] Shutting down plugin 'INNODB_FT_DELETED'
2022-11-04T14:15:01.892443Z 0 [Note] Shutting down plugin 'INNODB_FT_DEFAULT_STOPWORD'
2022-11-04T14:15:01.893440Z 0 [Note] Shutting down plugin 'INNODB_METRICS'
2022-11-04T14:15:01.893440Z 0 [Note] Shutting down plugin 'INNODB_TEMP_TABLE_INFO'
2022-11-04T14:15:01.893440Z 0 [Note] Shutting down plugin 'INNODB_BUFFER_POOL_STATS'
2022-11-04T14:15:01.893440Z 0 [Note] Shutting down plugin 'INNODB_BUFFER_PAGE_LRU'
2022-11-04T14:15:01.894437Z 0 [Note] Shutting down plugin 'INNODB_BUFFER_PAGE'
2022-11-04T14:15:01.894437Z 0 [Note] Shutting down plugin 'INNODB_CMP_PER_INDEX_RESET'
2022-11-04T14:15:01.894437Z 0 [Note] Shutting down plugin 'INNODB_CMP_PER_INDEX'
2022-11-04T14:15:01.894437Z 0 [Note] Shutting down plugin 'INNODB_CMPMEM_RESET'
2022-11-04T14:15:01.895435Z 0 [Note] Shutting down plugin 'INNODB_CMPMEM'
2022-11-04T14:15:01.895435Z 0 [Note] Shutting down plugin 'INNODB_CMP_RESET'
2022-11-04T14:15:01.895435Z 0 [Note] Shutting down plugin 'INNODB_CMP'
2022-11-04T14:15:01.895435Z 0 [Note] Shutting down plugin 'INNODB_LOCK_WAITS'
2022-11-04T14:15:01.896432Z 0 [Note] Shutting down plugin 'INNODB_LOCKS'
2022-11-04T14:15:01.896432Z 0 [Note] Shutting down plugin 'INNODB_TRX'
2022-11-04T14:15:01.896432Z 0 [Note] Shutting down plugin 'InnoDB'
2022-11-04T14:15:01.896432Z 0 [Note] InnoDB: FTS optimize thread exiting.
2022-11-04T14:15:01.897429Z 0 [Note] InnoDB: Starting shutdown...
2022-11-04T14:15:02.004284Z 0 [Note] InnoDB: Dumping buffer pool(s) to C:\UwAmp\www\EventMap\ib_buffer_pool
2022-11-04T14:15:02.005281Z 0 [Note] InnoDB: Buffer pool(s) dump completed at 221104 15:15:02
2022-11-04T14:15:03.223433Z 0 [Note] InnoDB: Shutdown completed; log sequence number 1209980
2022-11-04T14:15:03.224430Z 0 [Note] InnoDB: Removed temporary tablespace data file: "ibtmp1"
2022-11-04T14:15:03.224430Z 0 [Note] Shutting down plugin 'MEMORY'
2022-11-04T14:15:03.224430Z 0 [Note] Shutting down plugin 'CSV'
2022-11-04T14:15:03.225428Z 0 [Note] Shutting down plugin 'sha256_password'
2022-11-04T14:15:03.225428Z 0 [Note] Shutting down plugin 'mysql_native_password'
2022-11-04T14:15:03.225428Z 0 [Note] Shutting down plugin 'binlog'
2022-11-04T14:15:03.225428Z 0 [Note] C:\UwAmp\bin\database\mysql-5.7.11\bin\mysqld.exe: Shutdown complete

